<?xml version="1.0" encoding="UTF-8"?>
<testng-results ignored="0" total="1" passed="1" failed="0" skipped="0">
  <reporter-output>
  </reporter-output>
  <suite started-at="2024-08-07T23:36:46 IST" name="Default suite" finished-at="2024-08-07T23:37:09 IST" duration-ms="23548">
    <groups>
    </groups>
    <test started-at="2024-08-07T23:36:46 IST" name="Default test" finished-at="2024-08-07T23:37:09 IST" duration-ms="23548">
      <class name="com.fitpeo.Fitpeo">
        <test-method signature="navigateToHomePage()[pri:0, instance:com.fitpeo.Fitpeo@67c33749]" started-at="2024-08-07T23:36:46 IST" name="navigateToHomePage" finished-at="2024-08-07T23:37:09 IST" duration-ms="23468" status="PASS">
          <reporter-output>
          </reporter-output>
        </test-method> <!-- navigateToHomePage -->
      </class> <!-- com.fitpeo.Fitpeo -->
    </test> <!-- Default test -->
  </suite> <!-- Default suite -->
</testng-results>
